[Running] python -u "c:\Users\Admin\OneDrive\Desktop\New folder\mproject1.py.py"
[[72. 72. 74.]
 [69. 90. 88.]
 [90. 95. 93.]
 ...
 [59. 71. 65.]
 [68. 78. 77.]
 [77. 86. 86.]]
shape: (1000, 3)
size: 3000
dimension: 2
data type: float64
integer data: [[72 72 74]
 [69 90 88]
 [90 95 93]
 ...
 [59 71 65]
 [68 78 77]
 [77 86 86]]
first row: [72. 72. 74.]
last row: [77. 86. 86.]
marks of first 5 students: [[72. 72. 74.]
 [69. 90. 88.]
 [90. 95. 93.]
 [47. 57. 44.]
 [76. 78. 75.]]
maths scores: [72. 69. 90. 47. 76. 71. 88. 40. 64. 38.]
reading scores of 10 students: [72. 90. 95. 57. 78. 83. 95. 43. 64. 60.]
writing scores > 90: [ 93.  92.  92. 100.  98. 100.  92.  93.  93.  91. 100. 100.  94.  95.
  93.  91.  94.  95.  95.  96. 100.  95.  95. 100.  93.  97. 100.  91.
  91.  91.  92.  92.  94.  94.  97.  92. 100.  92.  96.  99.  91.  93.
  99.  98. 100.  99.  99.  94.  92.  95.  92.  93.  93.  96.  91.  95.
  91. 100.  91. 100.  91.  96. 100. 100. 100.  94.  91.  95.]
reading scores < 40: [32. 17. 39. 37. 26. 39. 34. 37. 39. 28. 23. 37. 38. 34. 39. 31. 39. 24.
 29. 34. 39. 38. 31. 34. 29. 24.]
maths scores of students with reading score > 90: [ 90.  88.  85.  87.  99.  79.  88.  87. 100.  81.  96.  81.  97.  87.
  88.  99.  88.  85.  83.  77.  82.  85.  87.  88.  82. 100. 100.  86.
  77.  97.  82.  92.  92.  91.  81.  81.  92.  82. 100. 100.  80.  94.
  98.  76.  96.  73.  84.  87.  77.  97.  97.  93.  85.  93. 100.  91.
  78.  92. 100.  89.  91.  88.]
overall average: 67.77066666666667
Math Average: 66.089
Reading Average: 69.169
Writing Average: 68.054
maths max: 100.0
reading max: 100.0
writing max: 100.0
maths min: 0.0
reading min: 17.0
writing min: 10.0
maths std: 15.155496659628165
reading std: 14.59289001534652
writing std: 15.188057281956757
maths variance: 229.68907900000048
reading variance: 212.9524390000001
writing variance: 230.6770839999997
Best Performing Subject: Reading
worst Performing Subject: Math
[ 72.66666667  82.33333333  92.66666667  49.33333333  76.33333333
  77.33333333  91.66666667  40.66666667  65.          49.33333333
  54.66666667  45.          73.          73.33333333  53.66666667
  74.          87.66666667  26.          44.66666667  57.66666667
  66.          70.          50.33333333  71.66666667  75.
  73.          59.33333333  70.33333333  68.33333333  69.
  72.33333333  63.          64.33333333  40.          88.66666667
  80.33333333  79.33333333  57.66666667  84.33333333  56.66666667
  56.66666667  66.33333333  58.66666667  63.33333333  53.33333333
  58.66666667  60.66666667  71.          69.          82.66666667
  52.          71.33333333  46.33333333  80.33333333  80.66666667
  39.          84.33333333  52.          58.33333333   9.
  75.          37.33333333  59.33333333  73.33333333  58.66666667
  64.          39.66666667  68.66666667  58.33333333  53.33333333
  64.66666667  60.33333333  46.66666667  58.          46.33333333
  41.          26.          79.66666667  69.          66.
  48.66666667  46.33333333  50.33333333  66.33333333  38.33333333
  78.33333333  82.33333333  72.          65.          80.33333333
  70.33333333  32.33333333  73.66666667  46.          85.66666667
  80.33333333  64.33333333  68.33333333  62.33333333  64.66666667
  71.          72.          88.33333333  50.33333333  91.33333333
  65.66666667  95.66666667  64.33333333  66.          68.66666667
  88.          55.33333333  51.33333333  54.33333333  99.66666667
  78.33333333  80.66666667  79.66666667  58.33333333  63.
  86.66666667  90.66666667  91.33333333  58.66666667  78.66666667
  89.33333333  69.          72.          79.33333333  50.33333333
  85.          43.33333333  77.          80.          76.
  53.66666667  48.66666667  60.33333333  64.          67.
  73.          61.66666667  50.33333333  49.          79.66666667
  31.33333333  82.33333333  69.          74.66666667  97.66666667
  66.          70.66666667  65.          50.          63.33333333
  82.33333333  72.66666667  60.          78.          64.
  78.          82.66666667  51.33333333  51.33333333  88.
  98.66666667  51.66666667  70.66666667  76.33333333  70.66666667
  73.          86.66666667  82.          66.66666667  49.33333333
  86.33333333  52.66666667  75.          61.33333333  99.
  68.33333333  58.66666667  49.          68.          48.66666667
  65.66666667  73.66666667  65.33333333  48.33333333  84.
  66.66666667  79.33333333  64.          67.          79.33333333
  56.          64.33333333  54.          51.          77.66666667
  79.          74.33333333  71.66666667  64.66666667  47.33333333
  74.33333333  68.66666667  79.          77.          61.66666667
  79.33333333  30.          54.66666667  55.66666667  86.33333333
  80.66666667  85.66666667  38.33333333  71.          57.66666667
  66.          81.66666667  60.66666667  80.33333333  63.66666667
  51.66666667  71.66666667  53.66666667  68.          92.33333333
  68.66666667  43.66666667  78.66666667  85.66666667  83.
  77.33333333  65.33333333  66.          52.33333333  81.33333333
  69.          82.          54.33333333  51.          72.66666667
  77.33333333  79.66666667  65.33333333  63.66666667  60.33333333
  48.33333333  79.          66.66666667  77.33333333  52.66666667
  68.33333333  68.33333333  77.33333333  74.33333333  75.66666667
  73.33333333  78.66666667  48.33333333  94.          72.33333333
  47.33333333  73.          72.66666667  91.66666667  72.33333333
  64.33333333  49.66666667  52.66666667  68.66666667  83.
  78.          90.          65.66666667  77.          62.
  49.          46.33333333  78.66666667  75.33333333  43.
  81.66666667  89.          79.33333333  79.66666667  76.66666667
  71.33333333  76.33333333  60.          71.          78.33333333
  63.          43.33333333  71.          45.33333333  84.
  80.          54.          77.33333333  73.33333333  77.33333333
  68.33333333  89.          49.          63.66666667  52.66666667
  76.33333333  61.          65.33333333  68.          66.
  67.33333333  83.33333333  77.66666667  67.66666667  61.33333333
  76.66666667  80.          77.33333333  49.66666667  43.33333333
  88.66666667  61.33333333  23.33333333  78.          49.
  64.          39.66666667  57.          83.          90.33333333
  65.          71.66666667  47.66666667  29.66666667  50.
  57.          65.66666667  73.          68.66666667  73.
  75.66666667  60.          88.66666667  71.66666667  79.
  62.          58.33333333  73.66666667  53.66666667  66.66666667
  67.66666667  61.66666667  59.          60.66666667  86.33333333
  59.66666667  82.33333333  56.          31.          59.
  55.66666667  60.          62.66666667  55.33333333  80.66666667
  77.33333333  62.66666667  73.33333333  91.66666667  67.33333333
  43.33333333  84.          93.33333333  77.          64.
  83.          94.          77.          44.          41.33333333
  72.66666667  69.          67.33333333  63.33333333  72.66666667
  66.33333333  74.          70.          55.66666667  72.
  44.66666667  60.          89.66666667  64.66666667  57.66666667
  60.          46.33333333  56.33333333  95.66666667  58.33333333
  68.          64.33333333  79.66666667  55.          85.33333333
  71.66666667  81.66666667  65.66666667  65.66666667  67.33333333
  75.33333333  71.          71.33333333  63.          55.66666667
  89.33333333  59.66666667  57.33333333  74.66666667  38.
  63.66666667  85.          68.33333333  59.          61.66666667
  63.          67.66666667  57.33333333  52.          68.33333333
  50.33333333  69.          71.33333333  59.          86.33333333
  75.66666667  79.66666667  67.          77.33333333  78.
  72.66666667  65.          82.33333333  45.          75.33333333
  78.          96.33333333  72.          57.33333333  58.66666667
  46.66666667  85.66666667  51.66666667 100.          68.33333333
  55.33333333  51.          72.33333333  86.          65.
  87.33333333  31.66666667  68.          83.33333333  80.33333333
  86.          68.66666667  79.33333333  62.33333333  90.33333333
  76.66666667  68.          73.33333333  63.          71.33333333
  70.66666667  55.66666667  65.66666667  52.33333333  51.66666667
  71.66666667  54.66666667  69.66666667  58.          81.
  75.33333333  66.          85.33333333  86.33333333  62.
  66.          51.33333333  71.          67.66666667  73.
  78.33333333  91.          59.33333333  92.          51.
  81.33333333  68.          56.          78.          88.33333333
  73.33333333  52.33333333  54.33333333  59.          89.33333333
  82.66666667  82.33333333  71.          74.          74.66666667
  57.33333333  87.          61.33333333  54.33333333  51.33333333
  62.33333333  59.          44.          39.          68.66666667
  69.33333333  51.33333333  60.33333333  87.          70.
  77.33333333  56.33333333  59.66666667  74.          91.66666667
  70.66666667  80.33333333  79.          88.66666667  64.33333333
  80.33333333  96.33333333  67.66666667  64.33333333  73.33333333
  73.33333333  88.33333333  46.          67.66666667  46.
  34.66666667  68.66666667  64.66666667  64.33333333  67.
  76.          70.33333333  92.66666667  74.33333333  48.33333333
  45.33333333  97.33333333  70.          52.66666667  67.66666667
  72.          93.          57.          60.          75.33333333
  49.33333333  54.66666667  87.          54.          60.66666667
  91.33333333  78.66666667  71.33333333  76.          74.33333333
  72.33333333  67.          56.33333333  61.          59.66666667
  56.33333333  61.          66.66666667  74.33333333  97.
  69.          23.          51.66666667  73.          76.
  59.          29.33333333  78.          56.          87.66666667
  69.66666667  83.66666667  50.66666667  62.33333333  62.
  64.          61.          91.66666667  72.          89.33333333
  66.66666667  40.          83.          86.66666667  68.66666667
  50.          60.33333333  53.66666667  94.          60.33333333
  98.66666667  67.33333333  51.66666667  50.66666667  50.
  67.          68.          73.66666667  82.66666667  82.66666667
  69.66666667  76.          86.66666667  78.66666667  74.33333333
  48.          84.          77.33333333  77.66666667  65.
  75.66666667  64.66666667  64.66666667  52.66666667  76.33333333
  53.33333333  74.66666667  89.66666667  69.66666667  77.
  65.33333333  69.33333333  65.33333333  53.66666667  87.33333333
  74.66666667  67.33333333  65.          67.          68.66666667
  56.66666667  69.          83.          69.33333333  76.66666667
  70.          53.          74.33333333  77.66666667  74.66666667
  60.          75.66666667  76.          78.          61.33333333
  71.          62.66666667  57.          37.66666667  65.33333333
  97.66666667  76.          76.          51.66666667  88.66666667
  51.66666667  75.66666667  73.66666667  75.66666667  56.
  84.66666667  82.33333333  67.          71.33333333  63.66666667
  80.66666667  65.33333333  86.          64.66666667  62.
  66.33333333  38.66666667  59.          85.          53.66666667
  89.          83.33333333  99.          82.          68.
  85.66666667  74.33333333  97.          75.33333333  81.33333333
  68.          57.66666667  84.          46.66666667  43.66666667
  75.33333333  72.33333333  58.66666667  83.          43.
  75.          48.          90.          48.66666667  56.
  61.          85.          64.          75.          58.66666667
  75.          50.          82.33333333  68.          52.33333333
  75.          71.66666667  67.          56.33333333  85.66666667
  69.33333333  68.33333333  77.          84.          55.33333333
  90.33333333  55.          70.          58.66666667  74.33333333
  63.          53.33333333  81.66666667  62.33333333  60.66666667
  72.66666667  70.          66.          71.33333333  58.33333333
  49.66666667  74.          63.66666667  73.          63.66666667
  54.          69.33333333  40.66666667  77.66666667  87.
  53.          83.66666667  81.          57.66666667  83.66666667
  42.33333333  76.          29.66666667  64.66666667  59.33333333
  56.66666667  65.33333333  69.66666667  83.33333333  48.33333333
  66.          70.          78.33333333  61.          54.66666667
  69.33333333  76.33333333  92.          84.66666667  75.66666667
  76.66666667  71.          42.          78.          54.66666667
  39.33333333  47.          61.66666667  82.33333333  78.33333333
  89.          56.          69.          66.66666667  85.33333333
  89.          87.          50.66666667  80.          52.66666667
  62.33333333  64.66666667  70.          78.66666667  58.33333333
  59.33333333  83.          60.66666667  82.66666667  51.
  66.          64.66666667  78.66666667  56.          72.
  45.66666667  57.66666667  34.33333333  75.66666667  56.33333333
  86.33333333  87.          56.          66.33333333  74.66666667
  68.33333333  64.          88.33333333  70.          60.33333333
  96.66666667  69.33333333  75.          49.          77.33333333
  56.          84.66666667  39.66666667  74.          93.66666667
  84.          54.66666667  48.          74.66666667  50.33333333
  54.66666667  72.66666667  81.33333333  87.33333333  55.33333333
  70.          82.33333333  57.33333333  70.33333333  71.33333333
  64.33333333  70.33333333  69.33333333  48.33333333  52.
  72.66666667  96.          61.66666667  69.33333333  47.66666667
  87.33333333  87.33333333  63.33333333  79.          63.33333333
  34.66666667  30.66666667  73.33333333  61.33333333  75.
  86.          75.          41.          97.66666667  78.33333333
  80.66666667  52.          84.66666667  71.33333333  68.
  46.66666667  78.33333333  59.66666667  58.33333333  54.
  68.         100.          52.33333333  71.33333333  92.66666667
  68.66666667  44.66666667  68.          61.33333333  71.
  66.          57.33333333  65.66666667  44.33333333  51.66666667
  70.33333333  60.33333333  68.33333333  73.          91.66666667
  63.66666667  59.          57.33333333  83.66666667  71.33333333
  70.          88.33333333  70.33333333  61.33333333  62.33333333
  57.66666667  81.33333333  55.66666667  50.33333333  68.33333333
  79.33333333  78.33333333  73.33333333  54.66666667  66.66666667
  63.66666667  84.          97.33333333  55.66666667  75.66666667
  59.33333333  51.66666667 100.          72.          62.33333333
  68.          66.          62.          70.33333333  79.66666667
  96.33333333  73.          54.33333333  58.33333333  61.33333333
  74.33333333  60.66666667  61.66666667  48.          93.33333333
  18.33333333  79.          83.33333333  85.33333333  77.
  54.          50.          77.33333333  44.66666667  78.66666667
  80.66666667  75.          69.          69.33333333  62.66666667
  94.          57.33333333  65.          74.33333333  83.        ]
print top student index: 458
Math: 100.0
Reading: 100.0
Writing: 100.0
avg of top students score: 100.0
print lowest performing student index: 59
Math: 0.0
Reading: 17.0
Writing: 10.0
avg of lowest students score: 9.0
Class Average: 67.77066666666667
Students Above Class Average: 526
students below class average: 474
Students with average above 90: 50
Total Students: 1000
Passed Students: 949
Failed Students: 51
Pass Percentage: 94.9 %
['needs improvement' 'good' 'good' 'needs improvement' 'good' 'good'
 'good' 'needs improvement' 'needs improvement' 'needs improvement'
 'needs improvement' 'needs improvement' 'needs improvement'
 'needs improvement' 'needs improvement' 'needs improvement' 'good'
 'needs improvement' 'needs improvement' 'needs improvement'
 'needs improvement' 'needs improvement' 'needs improvement'
 'needs improvement' 'good' 'needs improvement' 'needs improvement'
 'needs improvement' 'needs improvement' 'needs improvement'
 'needs improvement' 'needs improvement' 'needs improvement'
 'needs improvement' 'good' 'good' 'good' 'needs improvement' 'good'
 'needs improvement' 'needs improvement' 'needs improvement'
 'needs improvement' 'needs improvement' 'needs improvement'
 'needs improvement' 'needs improvement' 'needs improvement'
 'needs improvement' 'good' 'needs improvement' 'needs improvement'
 'needs improvement' 'good' 'good' 'needs improvement' 'good'
 'needs improvement' 'needs improvement' 'needs improvement' 'good'
 'needs improvement' 'needs improvement' 'needs improvement'
 'needs improvement' 'needs improvement' 'needs improvement'
 'needs improvement' 'needs improvement' 'needs improvement'
 'needs improvement' 'needs improvement' 'needs improvement'
 'needs improvement' 'needs improvement' 'needs improvement'
 'needs improvement' 'good' 'needs improvement' 'needs improvement'
 'needs improvement' 'needs improvement' 'needs improvement'
 'needs improvement' 'needs improvement' 'good' 'good' 'needs improvement'
 'needs improvement' 'good' 'needs improvement' 'needs improvement'
 'needs improvement' 'needs improvement' 'good' 'good' 'needs improvement'
 'needs improvement' 'needs improvement' 'needs improvement'
 'needs improvement' 'needs improvement' 'good' 'needs improvement' 'good'
 'needs improvement' 'good' 'needs improvement' 'needs improvement'
 'needs improvement' 'good' 'needs improvement' 'needs improvement'
 'needs improvement' 'good' 'good' 'good' 'good' 'needs improvement'
 'needs improvement' 'good' 'good' 'good' 'needs improvement' 'good'
 'good' 'needs improvement' 'needs improvement' 'good' 'needs improvement'
 'good' 'needs improvement' 'good' 'good' 'good' 'needs improvement'
 'needs improvement' 'needs improvement' 'needs improvement'
 'needs improvement' 'needs improvement' 'needs improvement'
 'needs improvement' 'needs improvement' 'good' 'needs improvement' 'good'
 'needs improvement' 'needs improvement' 'good' 'needs improvement'
 'needs improvement' 'needs improvement' 'needs improvement'
 'needs improvement' 'good' 'needs improvement' 'needs improvement' 'good'
 'needs improvement' 'good' 'good' 'needs improvement' 'needs improvement'
 'good' 'good' 'needs improvement' 'needs improvement' 'good'
 'needs improvement' 'needs improvement' 'good' 'good' 'needs improvement'
 'needs improvement' 'good' 'needs improvement' 'good' 'needs improvement'
 'good' 'needs improvement' 'needs improvement' 'needs improvement'
 'needs improvement' 'needs improvement' 'needs improvement'
 'needs improvement' 'needs improvement' 'needs improvement' 'good'
 'needs improvement' 'good' 'needs improvement' 'needs improvement' 'good'
 'needs improvement' 'needs improvement' 'needs improvement'
 'needs improvement' 'good' 'good' 'needs improvement' 'needs improvement'
 'needs improvement' 'needs improvement' 'needs improvement'
 'needs improvement' 'good' 'good' 'needs improvement' 'good'
 'needs improvement' 'needs improvement' 'needs improvement' 'good' 'good'
 'good' 'needs improvement' 'needs improvement' 'needs improvement'
 'needs improvement' 'good' 'needs improvement' 'good' 'needs improvement'
 'needs improvement' 'needs improvement' 'needs improvement'
 'needs improvement' 'good' 'needs improvement' 'needs improvement' 'good'
 'good' 'good' 'good' 'needs improvement' 'needs improvement'
 'needs improvement' 'good' 'needs improvement' 'good' 'needs improvement'
 'needs improvement' 'needs improvement' 'good' 'good' 'needs improvement'
 'needs improvement' 'needs improvement' 'needs improvement' 'good'
 'needs improvement' 'good' 'needs improvement' 'needs improvement'
 'needs improvement' 'good' 'needs improvement' 'good' 'needs improvement'
 'good' 'needs improvement' 'good' 'needs improvement' 'needs improvement'
 'needs improvement' 'needs improvement' 'good' 'needs improvement'
 'needs improvement' 'needs improvement' 'needs improvement'
 'needs improvement' 'good' 'good' 'good' 'needs improvement' 'good'
 'needs improvement' 'needs improvement' 'needs improvement' 'good' 'good'
 'needs improvement' 'good' 'good' 'good' 'good' 'good'
 'needs improvement' 'good' 'needs improvement' 'needs improvement' 'good'
 'needs improvement' 'needs improvement' 'needs improvement'
 'needs improvement' 'good' 'good' 'needs improvement' 'good'
 'needs improvement' 'good' 'needs improvement' 'good' 'needs improvement'
 'needs improvement' 'needs improvement' 'good' 'needs improvement'
 'needs improvement' 'needs improvement' 'needs improvement'
 'needs improvement' 'good' 'good' 'needs improvement' 'needs improvement'
 'good' 'good' 'good' 'needs improvement' 'needs improvement' 'good'
 'needs improvement' 'needs improvement' 'good' 'needs improvement'
 'needs improvement' 'needs improvement' 'needs improvement' 'good' 'good'
 'needs improvement' 'needs improvement' 'needs improvement'
 'needs improvement' 'needs improvement' 'needs improvement'
 'needs improvement' 'needs improvement' 'needs improvement'
 'needs improvement' 'good' 'needs improvement' 'good' 'needs improvement'
 'good' 'needs improvement' 'needs improvement' 'needs improvement'
 'needs improvement' 'needs improvement' 'needs improvement'
 'needs improvement' 'needs improvement' 'needs improvement' 'good'
 'needs improvement' 'good' 'needs improvement' 'needs improvement'
 'needs improvement' 'needs improvement' 'needs improvement'
 'needs improvement' 'needs improvement' 'good' 'good' 'needs improvement'
 'needs improvement' 'good' 'needs improvement' 'needs improvement' 'good'
 'good' 'good' 'needs improvement' 'good' 'good' 'good'
 'needs improvement' 'needs improvement' 'needs improvement'
 'needs improvement' 'needs improvement' 'needs improvement'
 'needs improvement' 'needs improvement' 'needs improvement'
 'needs improvement' 'needs improvement' 'needs improvement'
 'needs improvement' 'needs improvement' 'good' 'needs improvement'
 'needs improvement' 'needs improvement' 'needs improvement'
 'needs improvement' 'good' 'needs improvement' 'needs improvement'
 'needs improvement' 'good' 'needs improvement' 'good' 'needs improvement'
 'good' 'needs improvement' 'needs improvement' 'needs improvement' 'good'
 'needs improvement' 'needs improvement' 'needs improvement'
 'needs improvement' 'good' 'needs improvement' 'needs improvement'
 'needs improvement' 'needs improvement' 'needs improvement' 'good'
 'needs improvement' 'needs improvement' 'needs improvement'
 'needs improvement' 'needs improvement' 'needs improvement'
 'needs improvement' 'needs improvement' 'needs improvement'
 'needs improvement' 'needs improvement' 'needs improvement' 'good' 'good'
 'good' 'needs improvement' 'good' 'good' 'needs improvement'
 'needs improvement' 'good' 'needs improvement' 'good' 'good' 'good'
 'needs improvement' 'needs improvement' 'needs improvement'
 'needs improvement' 'good' 'needs improvement' 'good' 'needs improvement'
 'needs improvement' 'needs improvement' 'needs improvement' 'good'
 'needs improvement' 'good' 'needs improvement' 'needs improvement' 'good'
 'good' 'good' 'needs improvement' 'good' 'needs improvement' 'good'
 'good' 'needs improvement' 'needs improvement' 'needs improvement'
 'needs improvement' 'needs improvement' 'needs improvement'
 'needs improvement' 'needs improvement' 'needs improvement'
 'needs improvement' 'needs improvement' 'needs improvement'
 'needs improvement' 'good' 'good' 'needs improvement' 'good' 'good'
 'needs improvement' 'needs improvement' 'needs improvement'
 'needs improvement' 'needs improvement' 'needs improvement' 'good' 'good'
 'needs improvement' 'good' 'needs improvement' 'good' 'needs improvement'
 'needs improvement' 'good' 'good' 'needs improvement' 'needs improvement'
 'needs improvement' 'needs improvement' 'good' 'good' 'good'
 'needs improvement' 'needs improvement' 'needs improvement'
 'needs improvement' 'good' 'needs improvement' 'needs improvement'
 'needs improvement' 'needs improvement' 'needs improvement'
 'needs improvement' 'needs improvement' 'needs improvement'
 'needs improvement' 'needs improvement' 'needs improvement' 'good'
 'needs improvement' 'good' 'needs improvement' 'needs improvement'
 'needs improvement' 'good' 'needs improvement' 'good' 'good' 'good'
 'needs improvement' 'good' 'good' 'needs improvement' 'needs improvement'
 'needs improvement' 'needs improvement' 'good' 'needs improvement'
 'needs improvement' 'needs improvement' 'needs improvement'
 'needs improvement' 'needs improvement' 'needs improvement'
 'needs improvement' 'good' 'needs improvement' 'good' 'needs improvement'
 'needs improvement' 'needs improvement' 'good' 'needs improvement'
 'needs improvement' 'needs improvement' 'needs improvement' 'good'
 'needs improvement' 'needs improvement' 'good' 'needs improvement'
 'needs improvement' 'good' 'needs improvement' 'needs improvement' 'good'
 'good' 'needs improvement' 'good' 'needs improvement' 'needs improvement'
 'needs improvement' 'needs improvement' 'needs improvement'
 'needs improvement' 'needs improvement' 'needs improvement'
 'needs improvement' 'needs improvement' 'good' 'needs improvement'
 'needs improvement' 'needs improvement' 'needs improvement' 'good'
 'needs improvement' 'needs improvement' 'good' 'needs improvement' 'good'
 'needs improvement' 'good' 'needs improvement' 'needs improvement'
 'needs improvement' 'needs improvement' 'needs improvement' 'good'
 'needs improvement' 'good' 'needs improvement' 'needs improvement' 'good'
 'good' 'needs improvement' 'needs improvement' 'needs improvement'
 'needs improvement' 'good' 'needs improvement' 'good' 'needs improvement'
 'needs improvement' 'needs improvement' 'needs improvement'
 'needs improvement' 'needs improvement' 'needs improvement' 'good' 'good'
 'needs improvement' 'good' 'good' 'good' 'needs improvement'
 'needs improvement' 'good' 'good' 'good' 'needs improvement' 'good'
 'needs improvement' 'needs improvement' 'needs improvement' 'good'
 'needs improvement' 'needs improvement' 'good' 'needs improvement' 'good'
 'needs improvement' 'needs improvement' 'needs improvement'
 'needs improvement' 'good' 'needs improvement' 'needs improvement'
 'needs improvement' 'needs improvement' 'needs improvement'
 'needs improvement' 'needs improvement' 'good' 'needs improvement' 'good'
 'needs improvement' 'needs improvement' 'needs improvement' 'good'
 'needs improvement' 'needs improvement' 'good' 'good' 'good'
 'needs improvement' 'needs improvement' 'needs improvement'
 'needs improvement' 'needs improvement' 'needs improvement' 'good' 'good'
 'good' 'needs improvement' 'good' 'needs improvement' 'good'
 'needs improvement' 'good' 'needs improvement' 'good' 'good'
 'needs improvement' 'needs improvement' 'needs improvement' 'good'
 'needs improvement' 'good' 'needs improvement' 'needs improvement'
 'needs improvement' 'needs improvement' 'needs improvement' 'good'
 'needs improvement' 'good' 'good' 'good' 'good' 'needs improvement'
 'good' 'needs improvement' 'good' 'good' 'good' 'needs improvement'
 'needs improvement' 'good' 'needs improvement' 'needs improvement' 'good'
 'needs improvement' 'needs improvement' 'good' 'needs improvement' 'good'
 'needs improvement' 'good' 'needs improvement' 'needs improvement'
 'needs improvement' 'good' 'needs improvement' 'good' 'needs improvement'
 'good' 'needs improvement' 'good' 'needs improvement' 'needs improvement'
 'good' 'needs improvement' 'needs improvement' 'needs improvement' 'good'
 'needs improvement' 'needs improvement' 'good' 'good' 'needs improvement'
 'good' 'needs improvement' 'needs improvement' 'needs improvement'
 'needs improvement' 'needs improvement' 'needs improvement' 'good'
 'needs improvement' 'needs improvement' 'needs improvement'
 'needs improvement' 'needs improvement' 'needs improvement'
 'needs improvement' 'needs improvement' 'needs improvement'
 'needs improvement' 'needs improvement' 'needs improvement'
 'needs improvement' 'needs improvement' 'needs improvement' 'good' 'good'
 'needs improvement' 'good' 'good' 'needs improvement' 'good'
 'needs improvement' 'good' 'needs improvement' 'needs improvement'
 'needs improvement' 'needs improvement' 'needs improvement'
 'needs improvement' 'good' 'needs improvement' 'needs improvement'
 'needs improvement' 'good' 'needs improvement' 'needs improvement'
 'needs improvement' 'good' 'good' 'good' 'good' 'good'
 'needs improvement' 'needs improvement' 'good' 'needs improvement'
 'needs improvement' 'needs improvement' 'needs improvement' 'good' 'good'
 'good' 'needs improvement' 'needs improvement' 'needs improvement' 'good'
 'good' 'good' 'needs improvement' 'good' 'needs improvement'
 'needs improvement' 'needs improvement' 'needs improvement' 'good'
 'needs improvement' 'needs improvement' 'good' 'needs improvement' 'good'
 'needs improvement' 'needs improvement' 'needs improvement' 'good'
 'needs improvement' 'needs improvement' 'needs improvement'
 'needs improvement' 'needs improvement' 'good' 'needs improvement' 'good'
 'good' 'needs improvement' 'needs improvement' 'needs improvement'
 'needs improvement' 'needs improvement' 'good' 'needs improvement'
 'needs improvement' 'good' 'needs improvement' 'good' 'needs improvement'
 'good' 'needs improvement' 'good' 'needs improvement' 'needs improvement'
 'good' 'good' 'needs improvement' 'needs improvement' 'needs improvement'
 'needs improvement' 'needs improvement' 'needs improvement' 'good' 'good'
 'needs improvement' 'needs improvement' 'good' 'needs improvement'
 'needs improvement' 'needs improvement' 'needs improvement'
 'needs improvement' 'needs improvement' 'needs improvement'
 'needs improvement' 'needs improvement' 'good' 'needs improvement'
 'needs improvement' 'needs improvement' 'good' 'good' 'needs improvement'
 'good' 'needs improvement' 'needs improvement' 'needs improvement'
 'needs improvement' 'needs improvement' 'good' 'good' 'good'
 'needs improvement' 'good' 'good' 'good' 'needs improvement' 'good'
 'needs improvement' 'needs improvement' 'needs improvement' 'good'
 'needs improvement' 'needs improvement' 'needs improvement'
 'needs improvement' 'good' 'needs improvement' 'needs improvement' 'good'
 'needs improvement' 'needs improvement' 'needs improvement'
 'needs improvement' 'needs improvement' 'needs improvement'
 'needs improvement' 'needs improvement' 'needs improvement'
 'needs improvement' 'needs improvement' 'needs improvement'
 'needs improvement' 'needs improvement' 'good' 'needs improvement'
 'needs improvement' 'needs improvement' 'good' 'needs improvement'
 'needs improvement' 'good' 'needs improvement' 'needs improvement'
 'needs improvement' 'needs improvement' 'good' 'needs improvement'
 'needs improvement' 'needs improvement' 'good' 'good' 'needs improvement'
 'needs improvement' 'needs improvement' 'needs improvement' 'good' 'good'
 'needs improvement' 'good' 'needs improvement' 'needs improvement' 'good'
 'needs improvement' 'needs improvement' 'needs improvement'
 'needs improvement' 'needs improvement' 'needs improvement' 'good' 'good'
 'needs improvement' 'needs improvement' 'needs improvement'
 'needs improvement' 'needs improvement' 'needs improvement'
 'needs improvement' 'needs improvement' 'good' 'needs improvement' 'good'
 'good' 'good' 'good' 'needs improvement' 'needs improvement' 'good'
 'needs improvement' 'good' 'good' 'good' 'needs improvement'
 'needs improvement' 'needs improvement' 'good' 'needs improvement'
 'needs improvement' 'needs improvement' 'good']
['C' 'B' 'A' 'D' 'B' 'B' 'A' 'D' 'C' 'D' 'D' 'D' 'C' 'C' 'D' 'C' 'B' 'D'
 'D' 'D' 'C' 'C' 'D' 'C' 'B' 'C' 'D' 'C' 'C' 'C' 'C' 'C' 'C' 'D' 'B' 'B'
 'B' 'D' 'B' 'D' 'D' 'C' 'D' 'C' 'D' 'D' 'C' 'C' 'C' 'B' 'D' 'C' 'D' 'B'
 'B' 'D' 'B' 'D' 'D' 'D' 'B' 'D' 'D' 'C' 'D' 'C' 'D' 'C' 'D' 'D' 'C' 'C'
 'D' 'D' 'D' 'D' 'D' 'B' 'C' 'C' 'D' 'D' 'D' 'C' 'D' 'B' 'B' 'C' 'C' 'B'
 'C' 'D' 'C' 'D' 'B' 'B' 'C' 'C' 'C' 'C' 'C' 'C' 'B' 'D' 'A' 'C' 'A' 'C'
 'C' 'C' 'B' 'D' 'D' 'D' 'A' 'B' 'B' 'B' 'D' 'C' 'B' 'A' 'A' 'D' 'B' 'B'
 'C' 'C' 'B' 'D' 'B' 'D' 'B' 'B' 'B' 'D' 'D' 'C' 'C' 'C' 'C' 'C' 'D' 'D'
 'B' 'D' 'B' 'C' 'C' 'A' 'C' 'C' 'C' 'D' 'C' 'B' 'C' 'C' 'B' 'C' 'B' 'B'
 'D' 'D' 'B' 'A' 'D' 'C' 'B' 'C' 'C' 'B' 'B' 'C' 'D' 'B' 'D' 'B' 'C' 'A'
 'C' 'D' 'D' 'C' 'D' 'C' 'C' 'C' 'D' 'B' 'C' 'B' 'C' 'C' 'B' 'D' 'C' 'D'
 'D' 'B' 'B' 'C' 'C' 'C' 'D' 'C' 'C' 'B' 'B' 'C' 'B' 'D' 'D' 'D' 'B' 'B'
 'B' 'D' 'C' 'D' 'C' 'B' 'C' 'B' 'C' 'D' 'C' 'D' 'C' 'A' 'C' 'D' 'B' 'B'
 'B' 'B' 'C' 'C' 'D' 'B' 'C' 'B' 'D' 'D' 'C' 'B' 'B' 'C' 'C' 'C' 'D' 'B'
 'C' 'B' 'D' 'C' 'C' 'B' 'C' 'B' 'C' 'B' 'D' 'A' 'C' 'D' 'C' 'C' 'A' 'C'
 'C' 'D' 'D' 'C' 'B' 'B' 'A' 'C' 'B' 'C' 'D' 'D' 'B' 'B' 'D' 'B' 'B' 'B'
 'B' 'B' 'C' 'B' 'C' 'C' 'B' 'C' 'D' 'C' 'D' 'B' 'B' 'D' 'B' 'C' 'B' 'C'
 'B' 'D' 'C' 'D' 'B' 'C' 'C' 'C' 'C' 'C' 'B' 'B' 'C' 'C' 'B' 'B' 'B' 'D'
 'D' 'B' 'C' 'D' 'B' 'D' 'C' 'D' 'D' 'B' 'A' 'C' 'C' 'D' 'D' 'D' 'D' 'C'
 'C' 'C' 'C' 'B' 'C' 'B' 'C' 'B' 'C' 'D' 'C' 'D' 'C' 'C' 'C' 'D' 'C' 'B'
 'D' 'B' 'D' 'D' 'D' 'D' 'C' 'C' 'D' 'B' 'B' 'C' 'C' 'A' 'C' 'D' 'B' 'A'
 'B' 'C' 'B' 'A' 'B' 'D' 'D' 'C' 'C' 'C' 'C' 'C' 'C' 'C' 'C' 'D' 'C' 'D'
 'C' 'B' 'C' 'D' 'C' 'D' 'D' 'A' 'D' 'C' 'C' 'B' 'D' 'B' 'C' 'B' 'C' 'C'
 'C' 'B' 'C' 'C' 'C' 'D' 'B' 'D' 'D' 'C' 'D' 'C' 'B' 'C' 'D' 'C' 'C' 'C'
 'D' 'D' 'C' 'D' 'C' 'C' 'D' 'B' 'B' 'B' 'C' 'B' 'B' 'C' 'C' 'B' 'D' 'B'
 'B' 'A' 'C' 'D' 'D' 'D' 'B' 'D' 'A' 'C' 'D' 'D' 'C' 'B' 'C' 'B' 'D' 'C'
 'B' 'B' 'B' 'C' 'B' 'C' 'A' 'B' 'C' 'C' 'C' 'C' 'C' 'D' 'C' 'D' 'D' 'C'
 'D' 'C' 'D' 'B' 'B' 'C' 'B' 'B' 'C' 'C' 'D' 'C' 'C' 'C' 'B' 'A' 'D' 'A'
 'D' 'B' 'C' 'D' 'B' 'B' 'C' 'D' 'D' 'D' 'B' 'B' 'B' 'C' 'C' 'C' 'D' 'B'
 'C' 'D' 'D' 'C' 'D' 'D' 'D' 'C' 'C' 'D' 'C' 'B' 'C' 'B' 'D' 'D' 'C' 'A'
 'C' 'B' 'B' 'B' 'C' 'B' 'A' 'C' 'C' 'C' 'C' 'B' 'D' 'C' 'D' 'D' 'C' 'C'
 'C' 'C' 'B' 'C' 'A' 'C' 'D' 'D' 'A' 'C' 'D' 'C' 'C' 'A' 'D' 'C' 'B' 'D'
 'D' 'B' 'D' 'C' 'A' 'B' 'C' 'B' 'C' 'C' 'C' 'D' 'C' 'D' 'D' 'C' 'C' 'C'
 'A' 'C' 'D' 'D' 'C' 'B' 'D' 'D' 'B' 'D' 'B' 'C' 'B' 'D' 'C' 'C' 'C' 'C'
 'A' 'C' 'B' 'C' 'D' 'B' 'B' 'C' 'D' 'C' 'D' 'A' 'C' 'A' 'C' 'D' 'D' 'D'
 'C' 'C' 'C' 'B' 'B' 'C' 'B' 'B' 'B' 'C' 'D' 'B' 'B' 'B' 'C' 'B' 'C' 'C'
 'D' 'B' 'D' 'C' 'B' 'C' 'B' 'C' 'C' 'C' 'D' 'B' 'C' 'C' 'C' 'C' 'C' 'D'
 'C' 'B' 'C' 'B' 'C' 'D' 'C' 'B' 'C' 'C' 'B' 'B' 'B' 'C' 'C' 'C' 'D' 'D'
 'C' 'A' 'B' 'B' 'D' 'B' 'D' 'B' 'C' 'B' 'D' 'B' 'B' 'C' 'C' 'C' 'B' 'C'
 'B' 'C' 'C' 'C' 'D' 'D' 'B' 'D' 'B' 'B' 'A' 'B' 'C' 'B' 'C' 'A' 'B' 'B'
 'C' 'D' 'B' 'D' 'D' 'B' 'C' 'D' 'B' 'D' 'B' 'D' 'A' 'D' 'D' 'C' 'B' 'C'
 'B' 'D' 'B' 'D' 'B' 'C' 'D' 'B' 'C' 'C' 'D' 'B' 'C' 'C' 'B' 'B' 'D' 'A'
 'D' 'C' 'D' 'C' 'C' 'D' 'B' 'C' 'C' 'C' 'C' 'C' 'C' 'D' 'D' 'C' 'C' 'C'
 'C' 'D' 'C' 'D' 'B' 'B' 'D' 'B' 'B' 'D' 'B' 'D' 'B' 'D' 'C' 'D' 'D' 'C'
 'C' 'B' 'D' 'C' 'C' 'B' 'C' 'D' 'C' 'B' 'A' 'B' 'B' 'B' 'C' 'D' 'B' 'D'
 'D' 'D' 'C' 'B' 'B' 'B' 'D' 'C' 'C' 'B' 'B' 'B' 'D' 'B' 'D' 'C' 'C' 'C'
 'B' 'D' 'D' 'B' 'C' 'B' 'D' 'C' 'C' 'B' 'D' 'C' 'D' 'D' 'D' 'B' 'D' 'B'
 'B' 'D' 'C' 'C' 'C' 'C' 'B' 'C' 'C' 'A' 'C' 'B' 'D' 'B' 'D' 'B' 'D' 'C'
 'A' 'B' 'D' 'D' 'C' 'D' 'D' 'C' 'B' 'B' 'D' 'C' 'B' 'D' 'C' 'C' 'C' 'C'
 'C' 'D' 'D' 'C' 'A' 'C' 'C' 'D' 'B' 'B' 'C' 'B' 'C' 'D' 'D' 'C' 'C' 'B'
 'B' 'B' 'D' 'A' 'B' 'B' 'D' 'B' 'C' 'C' 'D' 'B' 'D' 'D' 'D' 'C' 'A' 'D'
 'C' 'A' 'C' 'D' 'C' 'C' 'C' 'C' 'D' 'C' 'D' 'D' 'C' 'C' 'C' 'C' 'A' 'C'
 'D' 'D' 'B' 'C' 'C' 'B' 'C' 'C' 'C' 'D' 'B' 'D' 'D' 'C' 'B' 'B' 'C' 'D'
 'C' 'C' 'B' 'A' 'D' 'B' 'D' 'D' 'A' 'C' 'C' 'C' 'C' 'C' 'C' 'B' 'A' 'C'
 'D' 'D' 'C' 'C' 'C' 'C' 'D' 'A' 'D' 'B' 'B' 'B' 'B' 'D' 'D' 'B' 'D' 'B'
 'B' 'B' 'C' 'C' 'C' 'A' 'D' 'C' 'C' 'B']
A Grade : 52 students (5.20%)
B Grade : 272 students (27.20%)
C Grade : 391 students (39.10%)
D Grade : 285 students (28.50%)
updated scores: [[77. 74. 77.]
 [74. 92. 91.]
 [95. 97. 96.]
 ...
 [64. 73. 68.]
 [73. 80. 80.]
 [82. 88. 89.]]

===== AFTER GRACE MARKS =====
Class Average      : 71.1
Pass Percentage    : 96.8 %
A Grade Students   : 92
Failed Students    : 32

[Done] exited with code=0 in 0.38 seconds

